# JRE version: OpenJDK Runtime Environment (21.0.3) (build 21.0.3+-12282718-b509.11)
# Java VM: OpenJDK 64-Bit Server VM (21.0.3+-12282718-b509.11, mixed mode, tiered, compressed oops, compressed class ptrs, g1 gc, windows-amd64)
GC Precious Log:
 CardTable entry size: 512
 Card Set container configuration: InlinePtr #cards 5 size 8 Array Of Cards #cards 12 size 40 Howl #buckets 4 coarsen threshold 1843 Howl Bitmap #cards 512 size 80 coarsen threshold 460 Card regions per heap region 1 cards per card region 2048
 CPUs: 8 total, 8 available
 Memory: 16075M
 Large Page Support: Disabled
 NUMA Support: Disabled
 Compressed Oops: Enabled (32-bit)
 Heap Region Size: 1M
 Heap Min Capacity: 8M
 Heap Initial Capacity: 252M
 Heap Max Capacity: 2G
 Pre-touch: Disabled
 Parallel Workers: 8
 Concurrent Workers: 2
 Concurrent Refinement Workers: 8
 Periodic GC: Disabled
Heap:
 garbage-first heap   total 291840K, used 170228K [0x0000000080000000, 0x0000000100000000)
  region size 1024K, 48 young (49152K), 10 survivors (10240K)
 Metaspace       used 117387K, committed 119616K, reserved 1179648K
  class space    used 16018K, committed 17152K, reserved 1048576K
GC Heap History (20 events):
Event: 12.333 GC heap before
{Heap before GC invocations=29 (full 0):
 garbage-first heap   total 187392K, used 162149K [0x0000000080000000, 0x0000000100000000)
  region size 1024K, 69 young (70656K), 7 survivors (7168K)
 Metaspace       used 98953K, committed 100992K, reserved 1179648K
  class space    used 13538K, committed 14528K, reserved 1048576K
}
Event: 12.341 GC heap after
{Heap after GC invocations=30 (full 0):
 garbage-first heap   total 187392K, used 101030K [0x0000000080000000, 0x0000000100000000)
  region size 1024K, 5 young (5120K), 5 survivors (5120K)
 Metaspace       used 98953K, committed 100992K, reserved 1179648K
  class space    used 13538K, committed 14528K, reserved 1048576K
}
Event: 13.529 GC heap before
{Heap before GC invocations=30 (full 0):
 garbage-first heap   total 187392K, used 166566K [0x0000000080000000, 0x0000000100000000)
  region size 1024K, 69 young (70656K), 5 survivors (5120K)
 Metaspace       used 104141K, committed 106176K, reserved 1179648K
  class space    used 14313K, committed 15360K, reserved 1048576K
}
Event: 13.536 GC heap after
{Heap after GC invocations=31 (full 0):
 garbage-first heap   total 187392K, used 105153K [0x0000000080000000, 0x0000000100000000)
  region size 1024K, 7 young (7168K), 7 survivors (7168K)
 Metaspace       used 104141K, committed 106176K, reserved 1179648K
  class space    used 14313K, committed 15360K, reserved 1048576K
}
Event: 14.500 GC heap before
{Heap before GC invocations=32 (full 0):
 garbage-first heap   total 187392K, used 167617K [0x0000000080000000, 0x0000000100000000)
  region size 1024K, 69 young (70656K), 7 survivors (7168K)
 Metaspace       used 108790K, committed 110848K, reserved 1179648K
  class space    used 14977K, committed 16000K, reserved 1048576K
}
Event: 14.507 GC heap after
{Heap after GC invocations=33 (full 0):
 garbage-first heap   total 187392K, used 110133K [0x0000000080000000, 0x0000000100000000)
  region size 1024K, 9 young (9216K), 9 survivors (9216K)
 Metaspace       used 108790K, committed 110848K, reserved 1179648K
  class space    used 14977K, committed 16000K, reserved 1048576K
}
Event: 15.490 GC heap before
{Heap before GC invocations=33 (full 0):
 garbage-first heap   total 187392K, used 171573K [0x0000000080000000, 0x0000000100000000)
  region size 1024K, 65 young (66560K), 9 survivors (9216K)
 Metaspace       used 112961K, committed 115008K, reserved 1179648K
  class space    used 15395K, committed 16448K, reserved 1048576K
}
Event: 15.503 GC heap after
{Heap after GC invocations=34 (full 0):
 garbage-first heap   total 191488K, used 116561K [0x0000000080000000, 0x0000000100000000)
  region size 1024K, 9 young (9216K), 9 survivors (9216K)
 Metaspace       used 112961K, committed 115008K, reserved 1179648K
  class space    used 15395K, committed 16448K, reserved 1048576K
}
Event: 15.671 GC heap before
{Heap before GC invocations=34 (full 0):
 garbage-first heap   total 191488K, used 170833K [0x0000000080000000, 0x0000000100000000)
  region size 1024K, 63 young (64512K), 9 survivors (9216K)
 Metaspace       used 112980K, committed 115072K, reserved 1179648K
  class space    used 15396K, committed 16448K, reserved 1048576K
}
Event: 15.681 GC heap after
{Heap after GC invocations=35 (full 0):
 garbage-first heap   total 191488K, used 120812K [0x0000000080000000, 0x0000000100000000)
  region size 1024K, 4 young (4096K), 4 survivors (4096K)
 Metaspace       used 112980K, committed 115072K, reserved 1179648K
  class space    used 15396K, committed 16448K, reserved 1048576K
}
Event: 16.198 GC heap before
{Heap before GC invocations=36 (full 0):
 garbage-first heap   total 217088K, used 175084K [0x0000000080000000, 0x0000000100000000)
  region size 1024K, 57 young (58368K), 4 survivors (4096K)
 Metaspace       used 113294K, committed 115392K, reserved 1179648K
  class space    used 15461K, committed 16512K, reserved 1048576K
}
Event: 16.208 GC heap after
{Heap after GC invocations=37 (full 0):
 garbage-first heap   total 217088K, used 122742K [0x0000000080000000, 0x0000000100000000)
  region size 1024K, 6 young (6144K), 6 survivors (6144K)
 Metaspace       used 113294K, committed 115392K, reserved 1179648K
  class space    used 15461K, committed 16512K, reserved 1048576K
}
Event: 16.649 GC heap before
{Heap before GC invocations=37 (full 0):
 garbage-first heap   total 217088K, used 196470K [0x0000000080000000, 0x0000000100000000)
  region size 1024K, 79 young (80896K), 6 survivors (6144K)
 Metaspace       used 113595K, committed 115648K, reserved 1179648K
  class space    used 15505K, committed 16512K, reserved 1048576K
}
Event: 16.658 GC heap after
{Heap after GC invocations=38 (full 0):
 garbage-first heap   total 217088K, used 124249K [0x0000000080000000, 0x0000000100000000)
  region size 1024K, 9 young (9216K), 9 survivors (9216K)
 Metaspace       used 113595K, committed 115648K, reserved 1179648K
  class space    used 15505K, committed 16512K, reserved 1048576K
}
Event: 16.911 GC heap before
{Heap before GC invocations=38 (full 0):
 garbage-first heap   total 217088K, used 193881K [0x0000000080000000, 0x0000000100000000)
  region size 1024K, 78 young (79872K), 9 survivors (9216K)
 Metaspace       used 113824K, committed 115904K, reserved 1179648K
  class space    used 15531K, committed 16576K, reserved 1048576K
}
Event: 16.918 GC heap after
{Heap after GC invocations=39 (full 0):
 garbage-first heap   total 217088K, used 126997K [0x0000000080000000, 0x0000000100000000)
  region size 1024K, 9 young (9216K), 9 survivors (9216K)
 Metaspace       used 113824K, committed 115904K, reserved 1179648K
  class space    used 15531K, committed 16576K, reserved 1048576K
}
Event: 17.764 GC heap before
{Heap before GC invocations=40 (full 0):
 garbage-first heap   total 242688K, used 192533K [0x0000000080000000, 0x0000000100000000)
  region size 1024K, 74 young (75776K), 9 survivors (9216K)
 Metaspace       used 117028K, committed 119168K, reserved 1179648K
  class space    used 15952K, committed 17024K, reserved 1048576K
}
Event: 17.774 GC heap after
{Heap after GC invocations=41 (full 0):
 garbage-first heap   total 242688K, used 130756K [0x0000000080000000, 0x0000000100000000)
  region size 1024K, 9 young (9216K), 9 survivors (9216K)
 Metaspace       used 117028K, committed 119168K, reserved 1179648K
  class space    used 15952K, committed 17024K, reserved 1048576K
}
Event: 18.145 GC heap before
{Heap before GC invocations=41 (full 0):
 garbage-first heap   total 242688K, used 218820K [0x0000000080000000, 0x0000000100000000)
  region size 1024K, 96 young (98304K), 9 survivors (9216K)
 Metaspace       used 117352K, committed 119552K, reserved 1179648K
  class space    used 16017K, committed 17152K, reserved 1048576K
}
Event: 18.157 GC heap after
{Heap after GC invocations=42 (full 0):
 garbage-first heap   total 291840K, used 132340K [0x0000000080000000, 0x0000000100000000)
  region size 1024K, 10 young (10240K), 10 survivors (10240K)
 Metaspace       used 117352K, committed 119552K, reserved 1179648K
  class space    used 16017K, committed 17152K, reserved 1048576K
}

