# JRE version: OpenJDK Runtime Environment (21.0.3) (build 21.0.3+-12282718-b509.11)
# Java VM: OpenJDK 64-Bit Server VM (21.0.3+-12282718-b509.11, mixed mode, tiered, compressed oops, compressed class ptrs, g1 gc, windows-amd64)
GC Precious Log:
 CardTable entry size: 512
 Card Set container configuration: InlinePtr #cards 5 size 8 Array Of Cards #cards 12 size 40 Howl #buckets 4 coarsen threshold 1843 Howl Bitmap #cards 512 size 80 coarsen threshold 460 Card regions per heap region 1 cards per card region 2048
 CPUs: 8 total, 8 available
 Memory: 16075M
 Large Page Support: Disabled
 NUMA Support: Disabled
 Compressed Oops: Enabled (32-bit)
 Heap Region Size: 1M
 Heap Min Capacity: 8M
 Heap Initial Capacity: 252M
 Heap Max Capacity: 2G
 Pre-touch: Disabled
 Parallel Workers: 8
 Concurrent Workers: 2
 Concurrent Refinement Workers: 8
 Periodic GC: Disabled
Heap:
 garbage-first heap   total 258048K, used 220013K [0x0000000080000000, 0x0000000100000000)
  region size 1024K, 101 young (103424K), 13 survivors (13312K)
 Metaspace       used 117486K, committed 119616K, reserved 1179648K
  class space    used 16011K, committed 17088K, reserved 1048576K
GC Heap History (20 events):
Event: 22.164 GC heap before
{Heap before GC invocations=37 (full 0):
 garbage-first heap   total 162816K, used 144399K [0x0000000080000000, 0x0000000100000000)
  region size 1024K, 47 young (48128K), 3 survivors (3072K)
 Metaspace       used 96874K, committed 98816K, reserved 1179648K
  class space    used 13226K, committed 14208K, reserved 1048576K
}
Event: 22.167 GC heap after
{Heap after GC invocations=38 (full 0):
 garbage-first heap   total 162816K, used 100493K [0x0000000080000000, 0x0000000100000000)
  region size 1024K, 4 young (4096K), 4 survivors (4096K)
 Metaspace       used 96874K, committed 98816K, reserved 1179648K
  class space    used 13226K, committed 14208K, reserved 1048576K
}
Event: 22.742 GC heap before
{Heap before GC invocations=39 (full 0):
 garbage-first heap   total 174080K, used 146573K [0x0000000080000000, 0x0000000100000000)
  region size 1024K, 50 young (51200K), 4 survivors (4096K)
 Metaspace       used 99994K, committed 101952K, reserved 1179648K
  class space    used 13707K, committed 14656K, reserved 1048576K
}
Event: 22.747 GC heap after
{Heap after GC invocations=40 (full 0):
 garbage-first heap   total 174080K, used 102003K [0x0000000080000000, 0x0000000100000000)
  region size 1024K, 6 young (6144K), 6 survivors (6144K)
 Metaspace       used 99994K, committed 101952K, reserved 1179648K
  class space    used 13707K, committed 14656K, reserved 1048576K
}
Event: 23.501 GC heap before
{Heap before GC invocations=40 (full 0):
 garbage-first heap   total 174080K, used 158323K [0x0000000080000000, 0x0000000100000000)
  region size 1024K, 61 young (62464K), 6 survivors (6144K)
 Metaspace       used 104485K, committed 106496K, reserved 1179648K
  class space    used 14402K, committed 15424K, reserved 1048576K
}
Event: 23.508 GC heap after
{Heap after GC invocations=41 (full 0):
 garbage-first heap   total 174080K, used 102757K [0x0000000080000000, 0x0000000100000000)
  region size 1024K, 7 young (7168K), 7 survivors (7168K)
 Metaspace       used 104485K, committed 106496K, reserved 1179648K
  class space    used 14402K, committed 15424K, reserved 1048576K
}
Event: 24.097 GC heap before
{Heap before GC invocations=41 (full 0):
 garbage-first heap   total 174080K, used 157029K [0x0000000080000000, 0x0000000100000000)
  region size 1024K, 60 young (61440K), 7 survivors (7168K)
 Metaspace       used 108870K, committed 110912K, reserved 1179648K
  class space    used 14959K, committed 16000K, reserved 1048576K
}
Event: 24.105 GC heap after
{Heap after GC invocations=42 (full 0):
 garbage-first heap   total 174080K, used 106916K [0x0000000080000000, 0x0000000100000000)
  region size 1024K, 8 young (8192K), 8 survivors (8192K)
 Metaspace       used 108870K, committed 110912K, reserved 1179648K
  class space    used 14959K, committed 16000K, reserved 1048576K
}
Event: 24.948 GC heap before
{Heap before GC invocations=43 (full 0):
 garbage-first heap   total 191488K, used 159140K [0x0000000080000000, 0x0000000100000000)
  region size 1024K, 55 young (56320K), 8 survivors (8192K)
 Metaspace       used 112793K, committed 114944K, reserved 1179648K
  class space    used 15367K, committed 16448K, reserved 1048576K
}
Event: 24.959 GC heap after
{Heap after GC invocations=44 (full 0):
 garbage-first heap   total 191488K, used 114416K [0x0000000080000000, 0x0000000100000000)
  region size 1024K, 7 young (7168K), 7 survivors (7168K)
 Metaspace       used 112793K, committed 114944K, reserved 1179648K
  class space    used 15367K, committed 16448K, reserved 1048576K
}
Event: 25.411 GC heap before
{Heap before GC invocations=44 (full 0):
 garbage-first heap   total 191488K, used 170736K [0x0000000080000000, 0x0000000100000000)
  region size 1024K, 63 young (64512K), 7 survivors (7168K)
 Metaspace       used 112972K, committed 115072K, reserved 1179648K
  class space    used 15375K, committed 16448K, reserved 1048576K
}
Event: 25.422 GC heap after
{Heap after GC invocations=45 (full 0):
 garbage-first heap   total 191488K, used 120419K [0x0000000080000000, 0x0000000100000000)
  region size 1024K, 6 young (6144K), 6 survivors (6144K)
 Metaspace       used 112972K, committed 115072K, reserved 1179648K
  class space    used 15375K, committed 16448K, reserved 1048576K
}
Event: 25.733 GC heap before
{Heap before GC invocations=45 (full 0):
 garbage-first heap   total 191488K, used 172643K [0x0000000080000000, 0x0000000100000000)
  region size 1024K, 58 young (59392K), 6 survivors (6144K)
 Metaspace       used 113287K, committed 115392K, reserved 1179648K
  class space    used 15440K, committed 16512K, reserved 1048576K
}
Event: 25.738 GC heap after
{Heap after GC invocations=46 (full 0):
 garbage-first heap   total 191488K, used 122769K [0x0000000080000000, 0x0000000100000000)
  region size 1024K, 5 young (5120K), 5 survivors (5120K)
 Metaspace       used 113287K, committed 115392K, reserved 1179648K
  class space    used 15440K, committed 16512K, reserved 1048576K
}
Event: 26.227 GC heap before
{Heap before GC invocations=47 (full 0):
 garbage-first heap   total 215040K, used 172945K [0x0000000080000000, 0x0000000100000000)
  region size 1024K, 55 young (56320K), 5 survivors (5120K)
 Metaspace       used 113505K, committed 115648K, reserved 1179648K
  class space    used 15475K, committed 16576K, reserved 1048576K
}
Event: 26.233 GC heap after
{Heap after GC invocations=48 (full 0):
 garbage-first heap   total 215040K, used 124807K [0x0000000080000000, 0x0000000100000000)
  region size 1024K, 5 young (5120K), 5 survivors (5120K)
 Metaspace       used 113505K, committed 115648K, reserved 1179648K
  class space    used 15475K, committed 16576K, reserved 1048576K
}
Event: 26.737 GC heap before
{Heap before GC invocations=48 (full 0):
 garbage-first heap   total 215040K, used 192391K [0x0000000080000000, 0x0000000100000000)
  region size 1024K, 72 young (73728K), 5 survivors (5120K)
 Metaspace       used 113721K, committed 115776K, reserved 1179648K
  class space    used 15500K, committed 16576K, reserved 1048576K
}
Event: 26.745 GC heap after
{Heap after GC invocations=49 (full 0):
 garbage-first heap   total 258048K, used 127026K [0x0000000080000000, 0x0000000100000000)
  region size 1024K, 7 young (7168K), 7 survivors (7168K)
 Metaspace       used 113721K, committed 115776K, reserved 1179648K
  class space    used 15500K, committed 16576K, reserved 1048576K
}
Event: 28.140 GC heap before
{Heap before GC invocations=49 (full 0):
 garbage-first heap   total 258048K, used 234546K [0x0000000080000000, 0x0000000100000000)
  region size 1024K, 113 young (115712K), 7 survivors (7168K)
 Metaspace       used 117303K, committed 119360K, reserved 1179648K
  class space    used 15982K, committed 17024K, reserved 1048576K
}
Event: 28.153 GC heap after
{Heap after GC invocations=50 (full 0):
 garbage-first heap   total 258048K, used 131949K [0x0000000080000000, 0x0000000100000000)
  region size 1024K, 13 young (13312K), 13 survivors (13312K)
 Metaspace       used 117303K, committed 119360K, reserved 1179648K
  class space    used 15982K, committed 17024K, reserved 1048576K
}

