# JRE version: OpenJDK Runtime Environment (21.0.3) (build 21.0.3+-12282718-b509.11)
# Java VM: OpenJDK 64-Bit Server VM (21.0.3+-12282718-b509.11, mixed mode, tiered, compressed oops, compressed class ptrs, g1 gc, windows-amd64)
GC Precious Log:
 CardTable entry size: 512
 Card Set container configuration: InlinePtr #cards 5 size 8 Array Of Cards #cards 12 size 40 Howl #buckets 4 coarsen threshold 1843 Howl Bitmap #cards 512 size 80 coarsen threshold 460 Card regions per heap region 1 cards per card region 2048
 CPUs: 8 total, 8 available
 Memory: 16075M
 Large Page Support: Disabled
 NUMA Support: Disabled
 Compressed Oops: Enabled (32-bit)
 Heap Region Size: 1M
 Heap Min Capacity: 8M
 Heap Initial Capacity: 252M
 Heap Max Capacity: 2G
 Pre-touch: Disabled
 Parallel Workers: 8
 Concurrent Workers: 2
 Concurrent Refinement Workers: 8
 Periodic GC: Disabled
Heap:
 garbage-first heap   total 249856K, used 166351K [0x0000000080000000, 0x0000000100000000)
  region size 1024K, 49 young (50176K), 4 survivors (4096K)
 Metaspace       used 112987K, committed 115200K, reserved 1179648K
  class space    used 15399K, committed 16512K, reserved 1048576K
GC Heap History (20 events):
Event: 11.713 GC heap before
{Heap before GC invocations=24 (full 0):
 garbage-first heap   total 149504K, used 108211K [0x0000000080000000, 0x0000000100000000)
  region size 1024K, 28 young (28672K), 4 survivors (4096K)
 Metaspace       used 84802K, committed 86592K, reserved 1179648K
  class space    used 11443K, committed 12352K, reserved 1048576K
}
Event: 11.717 GC heap after
{Heap after GC invocations=25 (full 0):
 garbage-first heap   total 149504K, used 85811K [0x0000000080000000, 0x0000000100000000)
  region size 1024K, 5 young (5120K), 5 survivors (5120K)
 Metaspace       used 84802K, committed 86592K, reserved 1179648K
  class space    used 11443K, committed 12352K, reserved 1048576K
}
Event: 12.238 GC heap before
{Heap before GC invocations=26 (full 0):
 garbage-first heap   total 157696K, used 139059K [0x0000000080000000, 0x0000000100000000)
  region size 1024K, 53 young (54272K), 5 survivors (5120K)
 Metaspace       used 88612K, committed 90432K, reserved 1179648K
  class space    used 11960K, committed 12864K, reserved 1048576K
}
Event: 12.243 GC heap after
{Heap after GC invocations=27 (full 0):
 garbage-first heap   total 157696K, used 93161K [0x0000000080000000, 0x0000000100000000)
  region size 1024K, 6 young (6144K), 6 survivors (6144K)
 Metaspace       used 88612K, committed 90432K, reserved 1179648K
  class space    used 11960K, committed 12864K, reserved 1048576K
}
Event: 12.582 GC heap before
{Heap before GC invocations=27 (full 0):
 garbage-first heap   total 157696K, used 141289K [0x0000000080000000, 0x0000000100000000)
  region size 1024K, 53 young (54272K), 6 survivors (6144K)
 Metaspace       used 89950K, committed 91776K, reserved 1179648K
  class space    used 12131K, committed 13056K, reserved 1048576K
}
Event: 12.588 GC heap after
{Heap after GC invocations=28 (full 0):
 garbage-first heap   total 157696K, used 96373K [0x0000000080000000, 0x0000000100000000)
  region size 1024K, 7 young (7168K), 7 survivors (7168K)
 Metaspace       used 89950K, committed 91776K, reserved 1179648K
  class space    used 12131K, committed 13056K, reserved 1048576K
}
Event: 12.908 GC heap before
{Heap before GC invocations=28 (full 0):
 garbage-first heap   total 157696K, used 125045K [0x0000000080000000, 0x0000000100000000)
  region size 1024K, 36 young (36864K), 7 survivors (7168K)
 Metaspace       used 92306K, committed 94144K, reserved 1179648K
  class space    used 12455K, committed 13376K, reserved 1048576K
}
Event: 12.914 GC heap after
{Heap after GC invocations=29 (full 0):
 garbage-first heap   total 157696K, used 98631K [0x0000000080000000, 0x0000000100000000)
  region size 1024K, 2 young (2048K), 2 survivors (2048K)
 Metaspace       used 92306K, committed 94144K, reserved 1179648K
  class space    used 12455K, committed 13376K, reserved 1048576K
}
Event: 13.478 GC heap before
{Heap before GC invocations=30 (full 0):
 garbage-first heap   total 174080K, used 146759K [0x0000000080000000, 0x0000000100000000)
  region size 1024K, 48 young (49152K), 2 survivors (2048K)
 Metaspace       used 96035K, committed 97984K, reserved 1179648K
  class space    used 13123K, committed 14080K, reserved 1048576K
}
Event: 13.481 GC heap after
{Heap after GC invocations=31 (full 0):
 garbage-first heap   total 174080K, used 99752K [0x0000000080000000, 0x0000000100000000)
  region size 1024K, 3 young (3072K), 3 survivors (3072K)
 Metaspace       used 96035K, committed 97984K, reserved 1179648K
  class space    used 13123K, committed 14080K, reserved 1048576K
}
Event: 14.218 GC heap before
{Heap before GC invocations=31 (full 0):
 garbage-first heap   total 174080K, used 160168K [0x0000000080000000, 0x0000000100000000)
  region size 1024K, 62 young (63488K), 3 survivors (3072K)
 Metaspace       used 100480K, committed 102528K, reserved 1179648K
  class space    used 13769K, committed 14784K, reserved 1048576K
}
Event: 14.225 GC heap after
{Heap after GC invocations=32 (full 0):
 garbage-first heap   total 174080K, used 101159K [0x0000000080000000, 0x0000000100000000)
  region size 1024K, 6 young (6144K), 6 survivors (6144K)
 Metaspace       used 100480K, committed 102528K, reserved 1179648K
  class space    used 13769K, committed 14784K, reserved 1048576K
}
Event: 14.854 GC heap before
{Heap before GC invocations=32 (full 0):
 garbage-first heap   total 174080K, used 158503K [0x0000000080000000, 0x0000000100000000)
  region size 1024K, 62 young (63488K), 6 survivors (6144K)
 Metaspace       used 105010K, committed 107072K, reserved 1179648K
  class space    used 14470K, committed 15552K, reserved 1048576K
}
Event: 14.861 GC heap after
{Heap after GC invocations=33 (full 0):
 garbage-first heap   total 174080K, used 104337K [0x0000000080000000, 0x0000000100000000)
  region size 1024K, 7 young (7168K), 7 survivors (7168K)
 Metaspace       used 105010K, committed 107072K, reserved 1179648K
  class space    used 14470K, committed 15552K, reserved 1048576K
}
Event: 15.391 GC heap before
{Heap before GC invocations=34 (full 0):
 garbage-first heap   total 184320K, used 155537K [0x0000000080000000, 0x0000000100000000)
  region size 1024K, 58 young (59392K), 7 survivors (7168K)
 Metaspace       used 108786K, committed 110848K, reserved 1179648K
  class space    used 14982K, committed 16000K, reserved 1048576K
}
Event: 15.400 GC heap after
{Heap after GC invocations=35 (full 0):
 garbage-first heap   total 184320K, used 110410K [0x0000000080000000, 0x0000000100000000)
  region size 1024K, 8 young (8192K), 8 survivors (8192K)
 Metaspace       used 108786K, committed 110848K, reserved 1179648K
  class space    used 14982K, committed 16000K, reserved 1048576K
}
Event: 16.182 GC heap before
{Heap before GC invocations=35 (full 0):
 garbage-first heap   total 184320K, used 170826K [0x0000000080000000, 0x0000000100000000)
  region size 1024K, 63 young (64512K), 8 survivors (8192K)
 Metaspace       used 112943K, committed 115072K, reserved 1179648K
  class space    used 15398K, committed 16512K, reserved 1048576K
}
Event: 16.194 GC heap after
{Heap after GC invocations=36 (full 0):
 garbage-first heap   total 189440K, used 116795K [0x0000000080000000, 0x0000000100000000)
  region size 1024K, 8 young (8192K), 8 survivors (8192K)
 Metaspace       used 112943K, committed 115072K, reserved 1179648K
  class space    used 15398K, committed 16512K, reserved 1048576K
}
Event: 16.335 GC heap before
{Heap before GC invocations=36 (full 0):
 garbage-first heap   total 189440K, used 169019K [0x0000000080000000, 0x0000000100000000)
  region size 1024K, 60 young (61440K), 8 survivors (8192K)
 Metaspace       used 112963K, committed 115072K, reserved 1179648K
  class space    used 15399K, committed 16512K, reserved 1048576K
}
Event: 16.342 GC heap after
{Heap after GC invocations=37 (full 0):
 garbage-first heap   total 189440K, used 121295K [0x0000000080000000, 0x0000000100000000)
  region size 1024K, 4 young (4096K), 4 survivors (4096K)
 Metaspace       used 112963K, committed 115072K, reserved 1179648K
  class space    used 15399K, committed 16512K, reserved 1048576K
}

